<?xml version="1.0" encoding="UTF-8"?>
<!-- Generated by org.testng.reporters.JUnitXMLReporter -->
<testsuite hostname="HPPavilion" name="Selenium Test" tests="8" failures="2" timestamp="10 Jun 2019 19:21:48 GMT" time="21.775" errors="0">
  <testcase name="@AfterTest appClose" time="0.0" classname="testngtests2.AnnotationsTest">
    <failure type="java.lang.NullPointerException">
      <![CDATA[java.lang.NullPointerException
	at testngtests2.BeforeTestandfterTest.appClose(BeforeTestandfterTest.java:34)
... Removed 22 stack frames]]>
    </failure>
  </testcase> <!-- @AfterTest appClose -->
  <testcase name="appLogin" time="0.021" classname="testngtests2.BeforeTestandfterTest">
    <failure type="java.lang.NullPointerException">
      <![CDATA[java.lang.NullPointerException
	at testngtests2.BeforeTestandfterTest.appLogin(BeforeTestandfterTest.java:26)
... Removed 24 stack frames]]>
    </failure>
  </testcase> <!-- appLogin -->
  <testcase name="Sample" time="0.006" classname="testngtests2.FirstTestNG"/>
  <testcase name="appLaunch" time="0.003" classname="testngtests2.MultipleTestNG"/>
  <testcase name="appClose" time="0.003" classname="testngtests2.MultipleTestNG"/>
  <testcase name="appLogin" time="0.002" classname="testngtests2.MultipleTestNG"/>
  <testcase name="method1" time="0.008" classname="testngtests2.AnnotationsTest"/>
  <testcase name="method2" time="0.008" classname="testngtests2.AnnotationsTest"/>
  <testcase name="gmailTest" time="14.186" classname="testngtests2.Firefoxbrowsertest2">
    <failure type="org.openqa.selenium.ElementNotInteractableException" message="Element &amp;lt;input class=&amp;quot;gNO89b&amp;quot; name=&amp;quot;btnK&amp;quot; type=&amp;quot;submit&amp;quot;&amp;gt; could not be scrolled into view
Build info: version: &amp;apos;3.141.59&amp;apos;, revision: &amp;apos;e82be7d358&amp;apos;, time: &amp;apos;2018-11-14T08:25:48&amp;apos;
System info: host: &amp;apos;HPPAVILION&amp;apos;, ip: &amp;apos;192.168.0.11&amp;apos;, os.name: &amp;apos;Windows 10&amp;apos;, os.arch: &amp;apos;amd64&amp;apos;, os.version: &amp;apos;10.0&amp;apos;, java.version: &amp;apos;1.8.0_111&amp;apos;
Driver info: org.openqa.selenium.firefox.FirefoxDriver
Capabilities {acceptInsecureCerts: true, browserName: firefox, browserVersion: 66.0.3, javascriptEnabled: true, moz:accessibilityChecks: false, moz:geckodriverVersion: 0.24.0, moz:headless: false, moz:processID: 12304, moz:profile: C:\Users\V\AppData\Local\Te..., moz:shutdownTimeout: 60000, moz:useNonSpecCompliantPointerOrigin: false, moz:webdriverClick: true, pageLoadStrategy: normal, platform: WINDOWS, platformName: WINDOWS, platformVersion: 10.0, rotatable: false, setWindowRect: true, strictFileInteractability: false, timeouts: {implicit: 0, pageLoad: 300000, script: 30000}, unhandledPromptBehavior: dismiss and notify}
Session ID: 68c88afb-817e-461d-9df6-3e2a7520f460">
      <![CDATA[org.openqa.selenium.ElementNotInteractableException: Element <input class="gNO89b" name="btnK" type="submit"> could not be scrolled into view
Build info: version: '3.141.59', revision: 'e82be7d358', time: '2018-11-14T08:25:48'
System info: host: 'HPPAVILION', ip: '192.168.0.11', os.name: 'Windows 10', os.arch: 'amd64', os.version: '10.0', java.version: '1.8.0_111'
Driver info: org.openqa.selenium.firefox.FirefoxDriver
Capabilities {acceptInsecureCerts: true, browserName: firefox, browserVersion: 66.0.3, javascriptEnabled: true, moz:accessibilityChecks: false, moz:geckodriverVersion: 0.24.0, moz:headless: false, moz:processID: 12304, moz:profile: C:\Users\V\AppData\Local\Te..., moz:shutdownTimeout: 60000, moz:useNonSpecCompliantPointerOrigin: false, moz:webdriverClick: true, pageLoadStrategy: normal, platform: WINDOWS, platformName: WINDOWS, platformVersion: 10.0, rotatable: false, setWindowRect: true, strictFileInteractability: false, timeouts: {implicit: 0, pageLoad: 300000, script: 30000}, unhandledPromptBehavior: dismiss and notify}
Session ID: 68c88afb-817e-461d-9df6-3e2a7520f460
	at org.openqa.selenium.remote.http.W3CHttpResponseCodec.createException(W3CHttpResponseCodec.java:187)
	at org.openqa.selenium.remote.http.W3CHttpResponseCodec.decode(W3CHttpResponseCodec.java:122)
	at org.openqa.selenium.remote.http.W3CHttpResponseCodec.decode(W3CHttpResponseCodec.java:49)
	at org.openqa.selenium.remote.HttpCommandExecutor.execute(HttpCommandExecutor.java:158)
	at org.openqa.selenium.remote.service.DriverCommandExecutor.execute(DriverCommandExecutor.java:83)
	at org.openqa.selenium.remote.RemoteWebDriver.execute(RemoteWebDriver.java:552)
	at org.openqa.selenium.remote.RemoteWebElement.execute(RemoteWebElement.java:285)
	at org.openqa.selenium.remote.RemoteWebElement.click(RemoteWebElement.java:84)
	at testngtests2.Firefoxbrowsertest2.gmailTest(Firefoxbrowsertest2.java:21)
... Removed 28 stack frames]]>
    </failure>
  </testcase> <!-- gmailTest -->
</testsuite> <!-- Selenium Test -->
